<?xml version="1.0" encoding="UTF-8"?>
<testng-results ignored="0" total="1" passed="1" failed="0" skipped="0">
  <reporter-output>
  </reporter-output>
  <suite started-at="2021-10-22T11:18:10 IST" name="Suite" finished-at="2021-10-22T11:19:12 IST" duration-ms="62080">
    <groups>
    </groups>
    <test started-at="2021-10-22T11:18:10 IST" name="Test" finished-at="2021-10-22T11:19:12 IST" duration-ms="62080">
      <class name="Academy.createUserTest">
        <test-method signature="basePageNavigation()[pri:0, instance:Academy.createUserTest@4fb3ee4e]" started-at="2021-10-22T11:18:10 IST" name="basePageNavigation" finished-at="2021-10-22T11:19:12 IST" duration-ms="62004" status="PASS">
          <reporter-output>
          </reporter-output>
        </test-method> <!-- basePageNavigation -->
      </class> <!-- Academy.createUserTest -->
    </test> <!-- Test -->
  </suite> <!-- Suite -->
</testng-results>
